
CondaError: Run 'conda init' before 'conda activate'

wandb: Appending key for api.wandb.ai to your netrc file: /nethome/skumar704/.netrc
/coc/flash5/skumar704/hyperspectral_3d/nerfstudio/nerfstudio/field_components/activations.py:32: FutureWarning: `torch.cuda.amp.custom_fwd(args...)` is deprecated. Please use `torch.amp.custom_fwd(args..., device_type='cuda')` instead.
  @custom_fwd(cast_inputs=torch.float32)
/coc/flash5/skumar704/hyperspectral_3d/nerfstudio/nerfstudio/field_components/activations.py:39: FutureWarning: `torch.cuda.amp.custom_bwd(args...)` is deprecated. Please use `torch.amp.custom_bwd(args..., device_type='cuda')` instead.
  def backward(ctx, g):
/nethome/skumar704/flash/miniconda3/envs/hyper_3d/lib/python3.8/site-packages/tyro/_fields.py:332: UserWarning: The field _target_ is annotated with type <class 'str'>, but the default value <class 'nerfstudio.data.datamanagers.hyperspectral_datamanager.HyperspectralDatamanager'> has type <class 'type'>. We'll try to handle this gracefully, but it may cause unexpected behavior.
  warnings.warn(
/coc/flash5/skumar704/hyperspectral_3d/nerfstudio/nerfstudio/engine/trainer.py:131: FutureWarning: `torch.cuda.amp.GradScaler(args...)` is deprecated. Please use `torch.amp.GradScaler('cuda', args...)` instead.
  self.grad_scaler = GradScaler(enabled=self.use_grad_scaler)
/nethome/skumar704/flash/miniconda3/envs/hyper_3d/lib/python3.8/site-packages/torchmetrics/functional/image/lpips.py:325: FutureWarning: You are using `torch.load` with `weights_only=False` (the current default value), which uses the default pickle module implicitly. It is possible to construct malicious pickle data which will execute arbitrary code during unpickling (See https://github.com/pytorch/pytorch/blob/main/SECURITY.md#untrusted-models for more details). In a future release, the default value for `weights_only` will be flipped to `True`. This limits the functions that could be executed during unpickling. Arbitrary objects will no longer be allowed to be loaded via this mode unless they are explicitly allowlisted by the user via `torch.serialization.add_safe_globals`. We recommend you start setting `weights_only=True` for any use case where you don't have full control of the loaded file. Please open an issue on GitHub for any issues related to this experimental feature.
  self.load_state_dict(torch.load(model_path, map_location="cpu"), strict=False)
wandb: Using wandb-core as the SDK backend. Please refer to https://wandb.me/wandb-core for more information.
wandb: Currently logged in as: skumar704 (hydroponics). Use `wandb login --relogin` to force relogin
wandb: Tracking run with wandb version 0.18.3
wandb: Run data is saved locally in outputs/FAKEPLANT1_2/hyperspectral_splatfacto/2024-10-29_131542/wandb/run-20241029_131546-vrvdw3f5
wandb: Run `wandb offline` to turn off syncing.
wandb: Syncing run FAKEPLANT1_2
wandb: ⭐️ View project at https://wandb.ai/hydroponics/nerfstudio-project
wandb: 🚀 View run at https://wandb.ai/hydroponics/nerfstudio-project/runs/vrvdw3f5
/coc/flash5/skumar704/hyperspectral_3d/nerfstudio/nerfstudio/data/datasets/hyperspectral_dataset.py:59: FutureWarning: You are using `torch.load` with `weights_only=False` (the current default value), which uses the default pickle module implicitly. It is possible to construct malicious pickle data which will execute arbitrary code during unpickling (See https://github.com/pytorch/pytorch/blob/main/SECURITY.md#untrusted-models for more details). In a future release, the default value for `weights_only` will be flipped to `True`. This limits the functions that could be executed during unpickling. Arbitrary objects will no longer be allowed to be loaded via this mode unless they are explicitly allowlisted by the user via `torch.serialization.add_safe_globals`. We recommend you start setting `weights_only=True` for any use case where you don't have full control of the loaded file. Please open an issue on GitHub for any issues related to this experimental feature.
  hs_image = torch.load(filepath)
/coc/flash5/skumar704/hyperspectral_3d/nerfstudio/nerfstudio/data/datasets/hyperspectral_dataset.py:59: FutureWarning: You are using `torch.load` with `weights_only=False` (the current default value), which uses the default pickle module implicitly. It is possible to construct malicious pickle data which will execute arbitrary code during unpickling (See https://github.com/pytorch/pytorch/blob/main/SECURITY.md#untrusted-models for more details). In a future release, the default value for `weights_only` will be flipped to `True`. This limits the functions that could be executed during unpickling. Arbitrary objects will no longer be allowed to be loaded via this mode unless they are explicitly allowlisted by the user via `torch.serialization.add_safe_globals`. We recommend you start setting `weights_only=True` for any use case where you don't have full control of the loaded file. Please open an issue on GitHub for any issues related to this experimental feature.
  hs_image = torch.load(filepath)
